Determining if the function ped_file_system_clobber exists failed with the following output:
Change Dir: /home/athena/athena-repository/x86_64/packages/athena-calamares/src/calamares-3.2.60/build/CMakeFiles/CMakeTmp

Run Build Command(s):/usr/bin/make -f Makefile cmTC_b9de6/fast && /usr/bin/make  -f CMakeFiles/cmTC_b9de6.dir/build.make CMakeFiles/cmTC_b9de6.dir/build
make[1]: Entering directory '/home/athena/athena-repository/x86_64/packages/athena-calamares/src/calamares-3.2.60/build/CMakeFiles/CMakeTmp'
Building C object CMakeFiles/cmTC_b9de6.dir/CheckFunctionExists.c.o
/usr/bin/cc  -I/usr/include/parted -march=x86-64 -mtune=generic -O2 -pipe -fno-plt -fexceptions         -Wp,-D_FORTIFY_SOURCE=2 -Wformat -Werror=format-security         -fstack-clash-protection -fcf-protection -DCHECK_FUNCTION_EXISTS=ped_file_system_clobber -o CMakeFiles/cmTC_b9de6.dir/CheckFunctionExists.c.o -c /usr/share/cmake/Modules/CheckFunctionExists.c
Linking C executable cmTC_b9de6
/usr/bin/cmake -E cmake_link_script CMakeFiles/cmTC_b9de6.dir/link.txt --verbose=1
/usr/bin/cc -march=x86-64 -mtune=generic -O2 -pipe -fno-plt -fexceptions         -Wp,-D_FORTIFY_SOURCE=2 -Wformat -Werror=format-security         -fstack-clash-protection -fcf-protection -DCHECK_FUNCTION_EXISTS=ped_file_system_clobber -Wl,-O1,--sort-common,--as-needed,-z,relro,-z,now  -rdynamic CMakeFiles/cmTC_b9de6.dir/CheckFunctionExists.c.o -o cmTC_b9de6  /usr/lib/libparted.so /usr/lib/libparted-fs-resize.so 
/usr/bin/ld: CMakeFiles/cmTC_b9de6.dir/CheckFunctionExists.c.o: in function `main':
CheckFunctionExists.c:(.text.startup+0x11): undefined reference to `ped_file_system_clobber'
collect2: error: ld returned 1 exit status
make[1]: *** [CMakeFiles/cmTC_b9de6.dir/build.make:101: cmTC_b9de6] Error 1
make[1]: Leaving directory '/home/athena/athena-repository/x86_64/packages/athena-calamares/src/calamares-3.2.60/build/CMakeFiles/CMakeTmp'
make: *** [Makefile:127: cmTC_b9de6/fast] Error 2



Determining if the function ped_file_system_resize exists failed with the following output:
Change Dir: /home/athena/athena-repository/x86_64/packages/athena-calamares/src/calamares-3.2.60/build/CMakeFiles/CMakeTmp

Run Build Command(s):/usr/bin/make -f Makefile cmTC_e7664/fast && /usr/bin/make  -f CMakeFiles/cmTC_e7664.dir/build.make CMakeFiles/cmTC_e7664.dir/build
make[1]: Entering directory '/home/athena/athena-repository/x86_64/packages/athena-calamares/src/calamares-3.2.60/build/CMakeFiles/CMakeTmp'
Building C object CMakeFiles/cmTC_e7664.dir/CheckFunctionExists.c.o
/usr/bin/cc  -I/usr/include/parted -march=x86-64 -mtune=generic -O2 -pipe -fno-plt -fexceptions         -Wp,-D_FORTIFY_SOURCE=2 -Wformat -Werror=format-security         -fstack-clash-protection -fcf-protection -DCHECK_FUNCTION_EXISTS=ped_file_system_resize -o CMakeFiles/cmTC_e7664.dir/CheckFunctionExists.c.o -c /usr/share/cmake/Modules/CheckFunctionExists.c
Linking C executable cmTC_e7664
/usr/bin/cmake -E cmake_link_script CMakeFiles/cmTC_e7664.dir/link.txt --verbose=1
/usr/bin/cc -march=x86-64 -mtune=generic -O2 -pipe -fno-plt -fexceptions         -Wp,-D_FORTIFY_SOURCE=2 -Wformat -Werror=format-security         -fstack-clash-protection -fcf-protection -DCHECK_FUNCTION_EXISTS=ped_file_system_resize -Wl,-O1,--sort-common,--as-needed,-z,relro,-z,now  -rdynamic CMakeFiles/cmTC_e7664.dir/CheckFunctionExists.c.o -o cmTC_e7664  /usr/lib/libparted.so /usr/lib/libparted-fs-resize.so 
/usr/bin/ld: /usr/lib/libparted-fs-resize.so: undefined reference to `ped_geometry_sync_fast'
/usr/bin/ld: /usr/lib/libparted-fs-resize.so: undefined reference to `ped_timer_destroy_nested'
/usr/bin/ld: /usr/lib/libparted-fs-resize.so: undefined reference to `ped_exception_throw'
/usr/bin/ld: /usr/lib/libparted-fs-resize.so: undefined reference to `ped_geometry_new'
/usr/bin/ld: /usr/lib/libparted-fs-resize.so: undefined reference to `ped_assert'
/usr/bin/ld: /usr/lib/libparted-fs-resize.so: undefined reference to `ped_geometry_init'
/usr/bin/ld: /usr/lib/libparted-fs-resize.so: undefined reference to `ped_timer_set_state_name'
/usr/bin/ld: /usr/lib/libparted-fs-resize.so: undefined reference to `ped_geometry_read'
/usr/bin/ld: /usr/lib/libparted-fs-resize.so: undefined reference to `ped_file_system_probe_specific'
/usr/bin/ld: /usr/lib/libparted-fs-resize.so: undefined reference to `ped_geometry_test_sector_inside'
/usr/bin/ld: /usr/lib/libparted-fs-resize.so: undefined reference to `ped_geometry_read_alloc'
/usr/bin/ld: /usr/lib/libparted-fs-resize.so: undefined reference to `ped_exception_leave_all'
/usr/bin/ld: /usr/lib/libparted-fs-resize.so: undefined reference to `ped_timer_update'
/usr/bin/ld: /usr/lib/libparted-fs-resize.so: undefined reference to `ped_device_open'
/usr/bin/ld: /usr/lib/libparted-fs-resize.so: undefined reference to `ped_constraint_new'
/usr/bin/ld: /usr/lib/libparted-fs-resize.so: undefined reference to `ped_malloc'
/usr/bin/ld: /usr/lib/libparted-fs-resize.so: undefined reference to `ped_geometry_set'
/usr/bin/ld: /usr/lib/libparted-fs-resize.so: undefined reference to `ped_geometry_destroy'
/usr/bin/ld: /usr/lib/libparted-fs-resize.so: undefined reference to `ped_geometry_duplicate'
/usr/bin/ld: /usr/lib/libparted-fs-resize.so: undefined reference to `ped_geometry_write'
/usr/bin/ld: /usr/lib/libparted-fs-resize.so: undefined reference to `ped_unit_format'
/usr/bin/ld: /usr/lib/libparted-fs-resize.so: undefined reference to `ped_geometry_sync'
/usr/bin/ld: /usr/lib/libparted-fs-resize.so: undefined reference to `ped_file_system_probe'
/usr/bin/ld: /usr/lib/libparted-fs-resize.so: undefined reference to `ptt_geom_clear_sectors'
/usr/bin/ld: /usr/lib/libparted-fs-resize.so: undefined reference to `ped_alignment_any'
/usr/bin/ld: /usr/lib/libparted-fs-resize.so: undefined reference to `ped_device_close'
/usr/bin/ld: /usr/lib/libparted-fs-resize.so: undefined reference to `ped_geometry_map'
/usr/bin/ld: /usr/lib/libparted-fs-resize.so: undefined reference to `ped_exception_fetch_all'
/usr/bin/ld: /usr/lib/libparted-fs-resize.so: undefined reference to `ped_geometry_test_equal'
/usr/bin/ld: /usr/lib/libparted-fs-resize.so: undefined reference to `ped_geometry_test_overlap'
/usr/bin/ld: /usr/lib/libparted-fs-resize.so: undefined reference to `ped_geometry_set_end'
/usr/bin/ld: /usr/lib/libparted-fs-resize.so: undefined reference to `ped_alignment_init'
/usr/bin/ld: /usr/lib/libparted-fs-resize.so: undefined reference to `ped_exception_catch'
/usr/bin/ld: /usr/lib/libparted-fs-resize.so: undefined reference to `ped_timer_reset'
/usr/bin/ld: /usr/lib/libparted-fs-resize.so: undefined reference to `fat16_type'
/usr/bin/ld: /usr/lib/libparted-fs-resize.so: undefined reference to `fat32_type'
/usr/bin/ld: /usr/lib/libparted-fs-resize.so: undefined reference to `ped_geometry_test_inside'
/usr/bin/ld: /usr/lib/libparted-fs-resize.so: undefined reference to `ped_timer_new_nested'
collect2: error: ld returned 1 exit status
make[1]: *** [CMakeFiles/cmTC_e7664.dir/build.make:101: cmTC_e7664] Error 1
make[1]: Leaving directory '/home/athena/athena-repository/x86_64/packages/athena-calamares/src/calamares-3.2.60/build/CMakeFiles/CMakeTmp'
make: *** [Makefile:127: cmTC_e7664/fast] Error 2



